<?xml version="1.0" encoding="UTF-8"?>
<!-- Generated by org.testng.reporters.JUnitReportReporter -->
<testsuite hostname="Ishand3895" failures="0" tests="3" name="org.testing.TestScripts.TC1" time="45.848" errors="0" timestamp="2021-02-06T15:55:27 IST" skipped="0">
  <testcase classname="org.testing.TestScripts.TC1" name="xyz" time="14.117"/>
  <system-out/>
  <testcase classname="org.testing.TestScripts.TC1" name="xyz" time="16.614"/>
  <system-out/>
  <testcase classname="org.testing.TestScripts.TC1" name="xyz" time="15.117"/>
  <system-out/>
</testsuite> <!-- org.testing.TestScripts.TC1 -->
