<?xml version="1.0" encoding="UTF-8"?>
<!-- Generated by org.testng.reporters.JUnitReportReporter -->
<testsuite hostname="Ishand3895" failures="0" tests="3" name="org.testing.TestScripts.TC1" time="44.932" errors="0" timestamp="2021-02-06T12:16:41 IST" skipped="0">
  <testcase classname="org.testing.TestScripts.TC1" name="xyz" time="14.828"/>
  <system-out/>
  <testcase classname="org.testing.TestScripts.TC1" name="xyz" time="15.297"/>
  <system-out/>
  <testcase classname="org.testing.TestScripts.TC1" name="xyz" time="14.807"/>
  <system-out/>
</testsuite> <!-- org.testing.TestScripts.TC1 -->
