<?xml version="1.0" encoding="UTF-8"?>
<!-- Generated by org.testng.reporters.JUnitReportReporter -->
<testsuite hostname="Ishand3895" failures="0" tests="1" name="TC1" time="39.944" errors="0" timestamp="2021-01-10T14:36:47 IST" skipped="0">
  <testcase classname="TC1" name="xyz" time="39.944"/>
  <system-out/>
</testsuite> <!-- TC1 -->
