<?xml version="1.0" encoding="UTF-8"?>
<!-- Generated by org.testng.reporters.JUnitReportReporter -->
<testsuite hostname="Ishand3895" failures="0" tests="1" name="org.testing.TestScripts.TC4" time="21.667" errors="0" timestamp="2021-01-24T11:56:26 IST" skipped="0">
  <testcase classname="org.testing.TestScripts.TC4" name="xyz" time="21.667"/>
  <system-out/>
</testsuite> <!-- org.testing.TestScripts.TC4 -->
