<?xml version="1.0" encoding="UTF-8"?>
<!-- Generated by org.testng.reporters.JUnitReportReporter -->
<testsuite hostname="Ishand3895" failures="0" tests="2" name="org.testing.TestScripts.TC2" time="38.134" errors="0" timestamp="2021-02-06T12:14:47 IST" skipped="0">
  <testcase classname="org.testing.TestScripts.TC2" name="xyz" time="19.323"/>
  <system-out/>
  <testcase classname="org.testing.TestScripts.TC2" name="xyz" time="18.811"/>
  <system-out/>
</testsuite> <!-- org.testing.TestScripts.TC2 -->
