<?xml version="1.0" encoding="UTF-8"?>
<!-- Generated by org.testng.reporters.JUnitReportReporter -->
<testsuite hostname="Ishand3895" failures="0" tests="1" name="org.testing.TestScripts.TC6" time="29.948" errors="0" timestamp="2021-01-24T12:02:36 IST" skipped="0">
  <testcase classname="org.testing.TestScripts.TC6" name="xyz" time="29.948"/>
  <system-out/>
</testsuite> <!-- org.testing.TestScripts.TC6 -->
